<?xml version="1.0" encoding="UTF-8"?>
<testsuite name="org.dita.dost.index.IndexTermCollectionTest" tests="1" skipped="0" failures="0" errors="0" timestamp="2019-05-28T15:41:04" hostname="travis-job-36bb4fc5-3a5a-4de1-8f7e-2b6f58f38273" time="0.267">
  <properties/>
  <testcase name="testOutputTerms" classname="org.dita.dost.index.IndexTermCollectionTest" time="0.267"/>
  <system-out><![CDATA[]]></system-out>
  <system-err><![CDATA[]]></system-err>
</testsuite>
